<?xml version="1.0" encoding="UTF-8"?>
<!-- Generated by org.testng.reporters.JUnitReportReporter -->
<testsuite hostname="LAPTOP-03U093DF" failures="0" tests="1" name="DriverCall.Loginpage" time="36.504" errors="0" timestamp="2022-07-06T18:49:38 IST" skipped="0">
  <testcase classname="DriverCall.Loginpage" name="callingLoginPage" time="36.504"/>
  <system-out/>
</testsuite> <!-- DriverCall.Loginpage -->
