<?xml version="1.0" encoding="UTF-8"?>
<!-- Generated by org.testng.reporters.JUnitReportReporter -->
<testsuite hostname="LAPTOP-03U093DF" failures="0" tests="1" name="TestNGPractice.Test2" time="0.001" errors="0" timestamp="2022-07-02T02:56:58 IST" skipped="0">
  <testcase classname="TestNGPractice.Test2" name="test01" time="0.001"/>
  <system-out/>
</testsuite> <!-- TestNGPractice.Test2 -->
