<?xml version="1.0" encoding="UTF-8"?>
<!-- Generated by org.testng.reporters.JUnitReportReporter -->
<testsuite hostname="LAPTOP-03U093DF" failures="0" tests="2" name="TestNGPractice.Test1" time="0.002" errors="0" timestamp="2022-07-02T02:56:58 IST" skipped="0">
  <testcase classname="TestNGPractice.Test1" name="test02" time="0.001"/>
  <system-out/>
  <testcase classname="TestNGPractice.Test1" name="test01" time="0.001"/>
  <system-out/>
</testsuite> <!-- TestNGPractice.Test1 -->
