<?xml version="1.0" encoding="UTF-8"?>
<!-- Generated by org.testng.reporters.JUnitReportReporter -->
<testsuite hostname="LAPTOP-03U093DF" failures="0" tests="5" name="TestNGPractice.Test3" time="0.013" errors="0" timestamp="2022-07-02T02:56:58 IST" skipped="0">
  <testcase classname="TestNGPractice.Test3" name="test03" time="0.002"/>
  <system-out/>
  <testcase classname="TestNGPractice.Test3" name="test01" time="0.002"/>
  <system-out/>
  <testcase classname="TestNGPractice.Test3" name="Demo01" time="0.007"/>
  <system-out/>
  <testcase classname="TestNGPractice.Test3" name="test04" time="0.001"/>
  <system-out/>
  <testcase classname="TestNGPractice.Test3" name="test02" time="0.001"/>
  <system-out/>
</testsuite> <!-- TestNGPractice.Test3 -->
