<?xml version="1.0" encoding="UTF-8"?>
<!-- Generated by org.testng.reporters.JUnitReportReporter -->
<testsuite hostname="LAPTOP-03U093DF" failures="0" tests="1" name="com.mystore.test.IndexPageTest" time="12.869" errors="0" timestamp="2022-08-04T00:55:12 IST" skipped="0">
  <testcase classname="com.mystore.test.IndexPageTest" name="getvalidateLogo" time="12.869"/>
  <system-out/>
</testsuite> <!-- com.mystore.test.IndexPageTest -->
