<?xml version="1.0" encoding="UTF-8"?>
<!-- Generated by org.testng.reporters.JUnitReportReporter -->
<testsuite hostname="LAPTOP-03U093DF" failures="0" tests="1" name="Wazirx.HomepageWazirx" time="461.885" errors="0" timestamp="2022-07-24T23:47:43 IST" skipped="0">
  <testcase classname="Wazirx.HomepageWazirx" name="getHomePage" time="461.885"/>
  <system-out/>
</testsuite> <!-- Wazirx.HomepageWazirx -->
