<?xml version="1.0" encoding="UTF-8"?>
<!-- Generated by org.testng.reporters.JUnitReportReporter -->
<testsuite hostname="LAPTOP-03U093DF" failures="0" tests="2" name="Automation.Tutorial.MnoTest" time="0.013" errors="0" timestamp="2022-06-11T23:59:52 IST" skipped="0">
  <testcase classname="Automation.Tutorial.MnoTest" name="mnotest2" time="0.001"/>
  <system-out/>
  <testcase classname="Automation.Tutorial.MnoTest" name="mnotest1" time="0.012"/>
  <system-out/>
</testsuite> <!-- Automation.Tutorial.MnoTest -->
