<?xml version="1.0" encoding="UTF-8"?>
<!-- Generated by org.testng.reporters.JUnitReportReporter -->
<testsuite hostname="LAPTOP-03U093DF" failures="0" tests="2" name="Automation.Tutorial.AbcTest" time="0.010" errors="0" timestamp="2022-06-12T00:00:10 IST" skipped="0">
  <testcase classname="Automation.Tutorial.AbcTest" name="abctest1" time="0.009"/>
  <system-out/>
  <testcase classname="Automation.Tutorial.AbcTest" name="abctest2" time="0.001"/>
  <system-out/>
</testsuite> <!-- Automation.Tutorial.AbcTest -->
