<?xml version="1.0" encoding="UTF-8"?>
<!-- Generated by org.testng.reporters.JUnitReportReporter -->
<testsuite hostname="LAPTOP-03U093DF" failures="0" tests="1" name="Automation.Reporting.Report1" time="13.099" errors="0" timestamp="2022-06-12T19:27:05 IST" skipped="0">
  <testcase classname="Automation.Reporting.Report1" name="browserLaunch" time="13.099"/>
  <system-out/>
</testsuite> <!-- Automation.Reporting.Report1 -->
